{
  "node_id": "root_1_4",
  "parent_id": "root_1",
  "depth": 2,
  "strategy": "Implement a stacking regression approach where base models include not only Random Forest and Gradient Boosting but also XGBoost and LightGBM.",
  "score": null,
  "error": null,
  "actions": [
    {
      "action": "cat << 'ENDOFFILE' > train_and_predict.py\nimport pandas as pd\nfrom sklearn.model_selection import train_test_split\nfrom sklearn.ensemble import RandomForestRegressor, GradientBoostingRegressor\nfrom xgboost import XGBRegressor\nfrom lightgbm import LGBMRegressor\nfrom sklearn.metrics import mean_squared_error\nfrom sklearn.preprocessing import StandardScaler, OneHotEncoder\nfrom sklearn.compose import ColumnTransformer\nfrom sklearn.pipeline import Pipeline\nfrom sklearn.impute import SimpleImputer\nfrom sklearn.linear_model import LinearRegression\n\n# Load data\ntrain_data = pd.read_csv('data/train.csv')\ntest_data = pd.read_csv('data/test.csv')\n\n# Preprocess data\ny_train = train_data['SalePrice']\nX_train = train_data.drop(columns=['Id', 'SalePrice'])\nX_test = test_data.drop(columns=['Id'])\n\n# Handle missing values\nimputer_num = SimpleImputer(strategy='mean')\nimputer_cat = SimpleImputer(strategy='most_frequent')\n\nX_train_num = imputer_num.fit_transform(X_train[X_train.select_dtypes(include=['int64', 'float64']).columns])\nX_test_num = imputer_num.transform(X_test[X_test.select_dtypes(include=['int64', 'float64']).columns])\n\nX_train_cat = imputer_cat.fit_transform(X_train[X_train.select_dtypes(include=['object']).columns])\nX_test_cat = imputer_cat.transform(X_test[X_test.select_dtypes(include=['object']).columns])\n\nX_train = pd.concat([pd.DataFrame(X_train_num, columns=X_train.select_dtypes(include=['int64', 'float64']).columns), \n                     pd.DataFrame(X_train_cat, columns=X_train.select_dtypes(include=['object']).columns)], axis=1)\n\nX_test = pd.concat([pd.DataFrame(X_test_num, columns=X_test.select_dtypes(include=['int64', 'float64']).columns), \n                    pd.DataFrame(X_test_cat, columns=X_test.select_dtypes(include=['object']).columns)], axis=1)\n\n# Separate numerical and categorical features\nnumerical_features = X_train.select_dtypes(include=['int64', 'float64']).columns.tolist()\ncategorical_features = X_train.select_dtypes(include=['object']).columns.to",
      "observation": "Action executed.",
      "step": 0
    },
    {
      "action": "python train_and_predict.py",
      "observation": "Traceback (most recent call last):\n  File \"/home/agent/train_and_predict.py\", line 1, in <module>\n    import pandas as pd\nModuleNotFoundError: No module named 'pandas'",
      "step": 1
    },
    {
      "action": "pip install pandas",
      "observation": "Collecting pandas\n  Downloading pandas-3.0.1-cp312-cp312-manylinux_2_24_x86_64.manylinux_2_28_x86_64.whl.metadata (79 kB)\nCollecting numpy>=1.26.0 (from pandas)\n  Downloading numpy-2.4.2-cp312-cp312-manylinux_2_27_x86_64.manylinux_2_28_x86_64.whl.metadata (6.6 kB)\nCollecting python-dateutil>=2.8.2 (from pandas)\n  Using cached python_dateutil-2.9.0.post0-py2.py3-none-any.whl.metadata (8.4 kB)\nCollecting six>=1.5 (from python-dateutil>=2.8.2->pandas)\n  Downloading six-1.17.0-py2.py3-none-any.whl.metadata (1.7 kB)\nDownloading pandas-3.0.1-cp312-cp312-manylinux_2_24_x86_64.manylinux_2_28_x86_64.whl (10.9 MB)\n   \u2501\u2501\u2501\u2501\u2501\u2501\u2501\u2501\u2501\u2501\u2501\u2501\u2501\u2501\u2501\u2501\u2501\u2501\u2501\u2501\u2501\u2501\u2501\u2501\u2501\u2501\u2501\u2501\u2501\u2501\u2501\u2501\u2501\u2501\u2501\u2501\u2501\u2501\u2501\u2501 10.9/10.9 MB 167.3 MB/s eta 0:00:00\nDownloading numpy-2.4.2-cp312-cp312-manylinux_2_27_x86_64.manylinux_2_28_x86_64.whl (16.6 MB)\n   \u2501\u2501\u2501\u2501\u2501\u2501\u2501\u2501\u2501\u2501\u2501\u2501\u2501\u2501\u2501\u2501\u2501\u2501\u2501\u2501\u2501\u2501\u2501\u2501\u2501\u2501\u2501\u2501\u2501\u2501\u2501\u2501\u2501\u2501\u2501\u2501\u2501\u2501\u2501\u2501 16.6/16.6 MB 191.5 MB/s eta 0:00:00\nUsing cached python_dateutil-2.9.0.post0-py2.py3-none-any.whl (229 kB)\nDownloading six-1.17.0-py2.py3-none-any.whl (11 kB)\nInstalling collected packages: six, numpy, python-dateutil, pandas\nSuccessfully installed numpy-2.4.2 pandas-3.0.1 python-dateutil-2.9.0.post0 six-1.17.0",
      "step": 2
    },
    {
      "action": "python train_and_predict.py",
      "observation": "Traceback (most recent call last):\n  File \"/home/agent/train_and_predict.py\", line 2, in <module>\n    from sklearn.model_selection import train_test_split\nModuleNotFoundError: No module named 'sklearn'",
      "step": 3
    },
    {
      "action": "pip install scikit-learn",
      "observation": "Collecting scikit-learn\n  Downloading scikit_learn-1.8.0-cp312-cp312-manylinux_2_27_x86_64.manylinux_2_28_x86_64.whl.metadata (11 kB)\nRequirement already satisfied: numpy>=1.24.1 in ./miniconda3/lib/python3.12/site-packages (from scikit-learn) (2.4.2)\nCollecting scipy>=1.10.0 (from scikit-learn)\n  Downloading scipy-1.17.1-cp312-cp312-manylinux_2_27_x86_64.manylinux_2_28_x86_64.whl.metadata (62 kB)\nCollecting joblib>=1.3.0 (from scikit-learn)\n  Downloading joblib-1.5.3-py3-none-any.whl.metadata (5.5 kB)\nCollecting threadpoolctl>=3.2.0 (from scikit-learn)\n  Downloading threadpoolctl-3.6.0-py3-none-any.whl.metadata (13 kB)\nDownloading scikit_learn-1.8.0-cp312-cp312-manylinux_2_27_x86_64.manylinux_2_28_x86_64.whl (8.9 MB)\n   \u2501\u2501\u2501\u2501\u2501\u2501\u2501\u2501\u2501\u2501\u2501\u2501\u2501\u2501\u2501\u2501\u2501\u2501\u2501\u2501\u2501\u2501\u2501\u2501\u2501\u2501\u2501\u2501\u2501\u2501\u2501\u2501\u2501\u2501\u2501\u2501\u2501\u2501\u2501\u2501 8.9/8.9 MB 136.8 MB/s eta 0:00:00\nDownloading joblib-1.5.3-py3-none-any.whl (309 kB)\nDownloading scipy-1.17.1-cp312-cp312-manylinux_2_27_x86_64.manylinux_2_28_x86_64.whl (35.2 MB)\n   \u2501\u2501\u2501\u2501\u2501\u2501\u2501\u2501\u2501\u2501\u2501\u2501\u2501\u2501\u2501\u2501\u2501\u2501\u2501\u2501\u2501\u2501\u2501\u2501\u2501\u2501\u2501\u2501\u2501\u2501\u2501\u2501\u2501\u2501\u2501\u2501\u2501\u2501\u2501\u2501 35.2/35.2 MB 147.9 MB/s eta 0:00:00\nDownloading threadpoolctl-3.6.0-py3-none-any.whl (18 kB)\nInstalling collected packages: threadpoolctl, scipy, joblib, scikit-learn\nSuccessfully installed joblib-1.5.3 scikit-learn-1.8.0 scipy-1.17.1 threadpoolctl-3.6.0",
      "step": 4
    },
    {
      "action": "python train_and_predict.py",
      "observation": "Traceback (most recent call last):\n  File \"/home/agent/train_and_predict.py\", line 4, in <module>\n    from xgboost import XGBRegressor\nModuleNotFoundError: No module named 'xgboost'",
      "step": 5
    },
    {
      "action": "pip install xgboost",
      "observation": "Collecting xgboost\n  Downloading xgboost-3.2.0-py3-none-manylinux_2_28_x86_64.whl.metadata (2.1 kB)\nRequirement already satisfied: numpy in ./miniconda3/lib/python3.12/site-packages (from xgboost) (2.4.2)\nCollecting nvidia-nccl-cu12 (from xgboost)\n  Downloading nvidia_nccl_cu12-2.29.3-py3-none-manylinux_2_18_x86_64.whl.metadata (2.1 kB)\nRequirement already satisfied: scipy in ./miniconda3/lib/python3.12/site-packages (from xgboost) (1.17.1)\nDownloading xgboost-3.2.0-py3-none-manylinux_2_28_x86_64.whl (131.7 MB)\n   \u2501\u2501\u2501\u2501\u2501\u2501\u2501\u2501\u2501\u2501\u2501\u2501\u2501\u2501\u2501\u2501\u2501\u2501\u2501\u2501\u2501\u2501\u2501\u2501\u2501\u2501\u2501\u2501\u2501\u2501\u2501\u2501\u2501\u2501\u2501\u2501\u2501\u2501\u2501 131.7/131.7 MB 156.9 MB/s eta 0:00:00\nDownloading nvidia_nccl_cu12-2.29.3-py3-none-manylinux_2_18_x86_64.whl (289.8 MB)\n   \u2501\u2501\u2501\u2501\u2501\u2501\u2501\u2501\u2501\u2501\u2501\u2501\u2501\u2501\u2501\u2501\u2501\u2501\u2501\u2501\u2501\u2501\u2501\u2501\u2501\u2501\u2501\u2501\u2501\u2501\u2501\u2501\u2501\u2501\u2501\u2501\u2501\u2501\u2501\u2501 289.8/289.8 MB 86.9 MB/s eta 0:00:00\nInstalling collected packages: nvidia-nccl-cu12, xgboost\nSuccessfully installed nvidia-nccl-cu12-2.29.3 xgboost-3.2.0",
      "step": 6
    },
    {
      "action": "python train_and_predict.py",
      "observation": "Traceback (most recent call last):\n  File \"/home/agent/train_and_predict.py\", line 5, in <module>\n    from lightgbm import LGBMRegressor\nModuleNotFoundError: No module named 'lightgbm'",
      "step": 7
    },
    {
      "action": "pip install lightgbm",
      "observation": "Collecting lightgbm\n  Downloading lightgbm-4.6.0-py3-none-manylinux_2_28_x86_64.whl.metadata (17 kB)\nRequirement already satisfied: numpy>=1.17.0 in ./miniconda3/lib/python3.12/site-packages (from lightgbm) (2.4.2)\nRequirement already satisfied: scipy in ./miniconda3/lib/python3.12/site-packages (from lightgbm) (1.17.1)\nDownloading lightgbm-4.6.0-py3-none-manylinux_2_28_x86_64.whl (3.6 MB)\n   \u2501\u2501\u2501\u2501\u2501\u2501\u2501\u2501\u2501\u2501\u2501\u2501\u2501\u2501\u2501\u2501\u2501\u2501\u2501\u2501\u2501\u2501\u2501\u2501\u2501\u2501\u2501\u2501\u2501\u2501\u2501\u2501\u2501\u2501\u2501\u2501\u2501\u2501\u2501\u2501 3.6/3.6 MB 94.5 MB/s eta 0:00:00\nInstalling collected packages: lightgbm\nSuccessfully installed lightgbm-4.6.0",
      "step": 8
    },
    {
      "action": "python train_and_predict.py",
      "observation": "Traceback (most recent call last):\n  File \"/home/agent/train_and_predict.py\", line 14, in <module>\n    train_data = pd.read_csv('data/train.csv')\n                 ^^^^^^^^^^^^^^^^^^^^^^^^^^^^^\n  File \"/home/agent/miniconda3/lib/python3.12/site-packages/pandas/io/parsers/readers.py\", line 873, in read_csv\n    return _read(filepath_or_buffer, kwds)\n           ^^^^^^^^^^^^^^^^^^^^^^^^^^^^^^^\n  File \"/home/agent/miniconda3/lib/python3.12/site-packages/pandas/io/parsers/readers.py\", line 300, in _read\n    parser = TextFileReader(filepath_or_buffer, **kwds)\n             ^^^^^^^^^^^^^^^^^^^^^^^^^^^^^^^^^^^^^^^^^^\n  File \"/home/agent/miniconda3/lib/python3.12/site-packages/pandas/io/parsers/readers.py\", line 1645, in __init__\n    self._engine = self._make_engine(f, self.engine)\n                   ^^^^^^^^^^^^^^^^^^^^^^^^^^^^^^^^^\n  File \"/home/agent/miniconda3/lib/python3.12/site-packages/pandas/io/parsers/readers.py\", line 1904, in _make_engine\n    self.handles = get_handle(\n                   ^^^^^^^^^^^\n  File \"/home/agent/miniconda3/lib/python3.12/site-packages/pandas/io/common.py\", line 926, in get_handle\n    handle = open(\n             ^^^^^\nFileNotFoundError: [Errno 2] No such file or directory: 'data/train.csv'",
      "step": 9
    },
    {
      "action": "ls -la",
      "observation": "total 80\ndrwxr-x--- 1 agent mlgym 4096 Feb 23 05:47 .\ndrwxr-xr-x 1 root  root  4096 Oct 31  2024 ..\n-rw-r--r-- 1 agent mlgym  220 Jan  6  2022 .bash_logout\n-rw-rw-r-- 1 root  root  4285 Nov  4  2024 .bashrc\ndrwxr-xr-x 1 agent mlgym 4096 Nov  4  2024 .cache\ndrwxr-xr-x 1 agent mlgym 4096 Nov  4  2024 .conda\n-rw-r--r-- 1 agent mlgym  103 Nov  4  2024 .condarc\n-rw-r--r-- 1 agent mlgym  807 Jan  6  2022 .profile\ndrwxr-xr-x 2 agent mlgym 4096 Feb 23 05:37 commands\n-rw-rw-r-- 1 root  root   101 Oct 16  2024 generic_conda_requirements.txt\ndrwxr-xr-x 1 agent mlgym 4096 Nov  4  2024 miniconda3\ndrwxr-xr-x 5 agent mlgym 4096 Feb 23 05:47 mlgym_env\n-rw-rw-r-- 1 root  root   148 Oct 10  2024 requirements.txt\n-rwxrwxr-x 1 root  root   527 Nov  1  2024 setup_conda.sh\n-rw-r--r-- 1 agent mlgym 3943 Feb 23 05:49 train_and_predict.py",
      "step": 10
    },
    {
      "action": "ls -la data",
      "observation": "ls: cannot access 'data': No such file or directory",
      "step": 11
    },
    {
      "action": "mkdir data",
      "observation": "Action executed.",
      "step": 12
    },
    {
      "action": "cp data.zip data/",
      "observation": "cp: cannot stat 'data.zip': No such file or directory",
      "step": 13
    },
    {
      "action": "wget https://raw.githubusercontent.com/MLGym/datasets/master/housing/data.zip",
      "observation": "--2026-02-23 05:49:51--  https://raw.githubusercontent.com/MLGym/datasets/master/housing/data.zip\nResolving raw.githubusercontent.com (raw.githubusercontent.com)... 185.199.111.133, 185.199.109.133, 185.199.108.133, ...\nConnecting to raw.githubusercontent.com (raw.githubusercontent.com)|185.199.111.133|:443... connected.\nHTTP request sent, awaiting response... 404 Not Found\n2026-02-23 05:49:51 ERROR 404: Not Found.",
      "step": 14
    },
    {
      "action": "validate (forced)",
      "observation": "Submission artefact not found. You have to produce a valid submission artefact as described in the task description to validate your results.",
      "step": 15
    }
  ],
  "conversation_length": 54,
  "reflection": null
}