{
  "node_id": "root_1_0",
  "parent_id": "root_1",
  "depth": 2,
  "strategy": "draft: You are an ML research agent working on a task.",
  "score": null,
  "error": null,
  "actions": [
    {
      "action": "cat << 'ENDOFFILE' > train_and_predict.py\nimport pandas as pd\nfrom sklearn.model_selection import train_test_split\nfrom sklearn.preprocessing import StandardScaler\nfrom sklearn.svm import SVC\nfrom sklearn.metrics import accuracy_score\n\n# Load data\ntrain_data = pd.read_csv('data/train.csv')\ntest_data = pd.read_csv('data/test.csv')\n\n# Feature Engineering\nfeatures = ['Pclass', 'Sex', 'Age', 'SibSp', 'Parch', 'Fare', 'Embarked']\nX_train = train_data[features]\ny_train = train_data['Survived']\n\n# Fill missing values\nX_train['Age'].fillna(X_train['Age'].median(), inplace=True)\nX_train['Embarked'].fillna(X_train['Embarked'].mode()[0], inplace=True)\n\nX_test = test_data[features]\n\n# Encode categorical variables\nX_train = pd.get_dummies(X_train, drop_first=True)\nX_test = pd.get_dummies(X_test, drop_first=True)\n\n# Feature Scaling\nscaler = StandardScaler()\nX_train_scaled = scaler.fit_transform(X_train)\nX_test_scaled = scaler.transform(X_test)\n\n# Model Training\nmodel = SVC(kernel='linear')\nmodel.fit(X_train_scaled, y_train)\n\n# Predictions\npredictions = model.predict(X_test_scaled)\n\n# Submission\nsubmission = pd.DataFrame({'PassengerId': test_data['PassengerId'], 'Survived': predictions})\nsubmission.to_csv('submission.csv', index=False)\nENDOFFILE",
      "observation": "Action executed.",
      "step": 0
    },
    {
      "action": "python train_and_predict.py",
      "observation": "Traceback (most recent call last):\n  File \"/home/agent/train_and_predict.py\", line 1, in <module>\n    import pandas as pd\nModuleNotFoundError: No module named 'pandas'",
      "step": 1
    },
    {
      "action": "pip install pandas",
      "observation": "Collecting pandas\n  Downloading pandas-3.0.1-cp312-cp312-manylinux_2_24_x86_64.manylinux_2_28_x86_64.whl.metadata (79 kB)\nCollecting numpy>=1.26.0 (from pandas)\n  Downloading numpy-2.4.2-cp312-cp312-manylinux_2_27_x86_64.manylinux_2_28_x86_64.whl.metadata (6.6 kB)\nCollecting python-dateutil>=2.8.2 (from pandas)\n  Using cached python_dateutil-2.9.0.post0-py2.py3-none-any.whl.metadata (8.4 kB)\nCollecting six>=1.5 (from python-dateutil>=2.8.2->pandas)\n  Downloading six-1.17.0-py2.py3-none-any.whl.metadata (1.7 kB)\nDownloading pandas-3.0.1-cp312-cp312-manylinux_2_24_x86_64.manylinux_2_28_x86_64.whl (10.9 MB)\n   \u2501\u2501\u2501\u2501\u2501\u2501\u2501\u2501\u2501\u2501\u2501\u2501\u2501\u2501\u2501\u2501\u2501\u2501\u2501\u2501\u2501\u2501\u2501\u2501\u2501\u2501\u2501\u2501\u2501\u2501\u2501\u2501\u2501\u2501\u2501\u2501\u2501\u2501\u2501\u2501 10.9/10.9 MB 141.5 MB/s eta 0:00:00\nDownloading numpy-2.4.2-cp312-cp312-manylinux_2_27_x86_64.manylinux_2_28_x86_64.whl (16.6 MB)\n   \u2501\u2501\u2501\u2501\u2501\u2501\u2501\u2501\u2501\u2501\u2501\u2501\u2501\u2501\u2501\u2501\u2501\u2501\u2501\u2501\u2501\u2501\u2501\u2501\u2501\u2501\u2501\u2501\u2501\u2501\u2501\u2501\u2501\u2501\u2501\u2501\u2501\u2501\u2501\u2501 16.6/16.6 MB 138.3 MB/s eta 0:00:00\nUsing cached python_dateutil-2.9.0.post0-py2.py3-none-any.whl (229 kB)\nDownloading six-1.17.0-py2.py3-none-any.whl (11 kB)\nInstalling collected packages: six, numpy, python-dateutil, pandas\nSuccessfully installed numpy-2.4.2 pandas-3.0.1 python-dateutil-2.9.0.post0 six-1.17.0",
      "step": 2
    },
    {
      "action": "python train_and_predict.py",
      "observation": "Traceback (most recent call last):\n  File \"/home/agent/train_and_predict.py\", line 2, in <module>\n    from sklearn.model_selection import train_test_split\nModuleNotFoundError: No module named 'sklearn'",
      "step": 3
    },
    {
      "action": "pip install sklearn",
      "observation": "Collecting sklearn\n  Downloading sklearn-0.0.post12.tar.gz (2.6 kB)\n  Preparing metadata (setup.py): started\n  Preparing metadata (setup.py): finished with status 'error'\n  error: subprocess-exited-with-error\n  \n  \u00d7 python setup.py egg_info did not run successfully.\n  \u2502 exit code: 1\n  \u2570\u2500> [15 lines of output]\n      The 'sklearn' PyPI package is deprecated, use 'scikit-learn'\n      rather than 'sklearn' for pip commands.\n      \n      Here is how to fix this error in the main use cases:\n      - use 'pip install scikit-learn' rather than 'pip install sklearn'\n      - replace 'sklearn' by 'scikit-learn' in your pip requirements files\n        (requirements.txt, setup.py, setup.cfg, Pipfile, etc ...)\n      - if the 'sklearn' package is used by one of your dependencies,\n        it would be great if you take some time to track which package uses\n        'sklearn' instead of 'scikit-learn' and report it to their issue tracker\n      - as a last resort, set the environment variable\n        SKLEARN_ALLOW_DEPRECATED_SKLEARN_PACKAGE_INSTALL=True to avoid this error\n      \n      More information is available at\n      https://github.com/scikit-learn/sklearn-pypi-package\n      [end of output]\n  \n  note: This error originates from a subprocess, and is likely not a problem with pip.\nerror: metadata-generation-failed\n\u00d7 Encountered error while generating package metadata.\n\u2570\u2500> See above for output.\nnote: This is an issue with the package mentioned above, not pip.\nhint: See above for details.",
      "step": 4
    },
    {
      "action": "pip install scikit-learn",
      "observation": "Collecting scikit-learn\n  Downloading scikit_learn-1.8.0-cp312-cp312-manylinux_2_27_x86_64.manylinux_2_28_x86_64.whl.metadata (11 kB)\nRequirement already satisfied: numpy>=1.24.1 in ./miniconda3/lib/python3.12/site-packages (from scikit-learn) (2.4.2)\nCollecting scipy>=1.10.0 (from scikit-learn)\n  Downloading scipy-1.17.0-cp312-cp312-manylinux_2_27_x86_64.manylinux_2_28_x86_64.whl.metadata (62 kB)\nCollecting joblib>=1.3.0 (from scikit-learn)\n  Downloading joblib-1.5.3-py3-none-any.whl.metadata (5.5 kB)\nCollecting threadpoolctl>=3.2.0 (from scikit-learn)\n  Downloading threadpoolctl-3.6.0-py3-none-any.whl.metadata (13 kB)\nDownloading scikit_learn-1.8.0-cp312-cp312-manylinux_2_27_x86_64.manylinux_2_28_x86_64.whl (8.9 MB)\n   \u2501\u2501\u2501\u2501\u2501\u2501\u2501\u2501\u2501\u2501\u2501\u2501\u2501\u2501\u2501\u2501\u2501\u2501\u2501\u2501\u2501\u2501\u2501\u2501\u2501\u2501\u2501\u2501\u2501\u2501\u2501\u2501\u2501\u2501\u2501\u2501\u2501\u2501\u2501\u2501 8.9/8.9 MB 137.1 MB/s eta 0:00:00\nDownloading joblib-1.5.3-py3-none-any.whl (309 kB)\nDownloading scipy-1.17.0-cp312-cp312-manylinux_2_27_x86_64.manylinux_2_28_x86_64.whl (35.0 MB)\n   \u2501\u2501\u2501\u2501\u2501\u2501\u2501\u2501\u2501\u2501\u2501\u2501\u2501\u2501\u2501\u2501\u2501\u2501\u2501\u2501\u2501\u2501\u2501\u2501\u2501\u2501\u2501\u2501\u2501\u2501\u2501\u2501\u2501\u2501\u2501\u2501\u2501\u2501\u2501\u2501 35.0/35.0 MB 145.8 MB/s eta 0:00:00\nDownloading threadpoolctl-3.6.0-py3-none-any.whl (18 kB)\nInstalling collected packages: threadpoolctl, scipy, joblib, scikit-learn\nSuccessfully installed joblib-1.5.3 scikit-learn-1.8.0 scipy-1.17.0 threadpoolctl-3.6.0",
      "step": 5
    },
    {
      "action": "python train_and_predict.py",
      "observation": "Traceback (most recent call last):\n  File \"/home/agent/train_and_predict.py\", line 8, in <module>\n    train_data = pd.read_csv('data/train.csv')\n                 ^^^^^^^^^^^^^^^^^^^^^^^^^^^^^\n  File \"/home/agent/miniconda3/lib/python3.12/site-packages/pandas/io/parsers/readers.py\", line 873, in read_csv\n    return _read(filepath_or_buffer, kwds)\n           ^^^^^^^^^^^^^^^^^^^^^^^^^^^^^^^\n  File \"/home/agent/miniconda3/lib/python3.12/site-packages/pandas/io/parsers/readers.py\", line 300, in _read\n    parser = TextFileReader(filepath_or_buffer, **kwds)\n             ^^^^^^^^^^^^^^^^^^^^^^^^^^^^^^^^^^^^^^^^^^\n  File \"/home/agent/miniconda3/lib/python3.12/site-packages/pandas/io/parsers/readers.py\", line 1645, in __init__\n    self._engine = self._make_engine(f, self.engine)\n                   ^^^^^^^^^^^^^^^^^^^^^^^^^^^^^^^^^\n  File \"/home/agent/miniconda3/lib/python3.12/site-packages/pandas/io/parsers/readers.py\", line 1904, in _make_engine\n    self.handles = get_handle(\n                   ^^^^^^^^^^^\n  File \"/home/agent/miniconda3/lib/python3.12/site-packages/pandas/io/common.py\", line 926, in get_handle\n    handle = open(\n             ^^^^^\nFileNotFoundError: [Errno 2] No such file or directory: 'data/train.csv'",
      "step": 6
    },
    {
      "action": "ls",
      "observation": "commands\ngeneric_conda_requirements.txt\nminiconda3\nrequirements.txt\nsetup_conda.sh\ntrain_and_predict.py",
      "step": 7
    },
    {
      "action": "cp data/train.csv .",
      "observation": "cp: cannot stat 'data/train.csv': No such file or directory",
      "step": 8
    },
    {
      "action": "ls data",
      "observation": "ls: cannot access 'data': No such file or directory",
      "step": 9
    },
    {
      "action": "ls -la",
      "observation": "total 76\ndrwxr-x--- 1 agent mlgym 4096 Feb 22 13:48 .\ndrwxr-xr-x 1 root  root  4096 Oct 31  2024 ..\n-rw-r--r-- 1 agent mlgym  220 Jan  6  2022 .bash_logout\n-rw-rw-r-- 1 root  root  4285 Nov  4  2024 .bashrc\ndrwxr-xr-x 1 agent mlgym 4096 Nov  4  2024 .cache\ndrwxr-xr-x 1 agent mlgym 4096 Nov  4  2024 .conda\n-rw-r--r-- 1 agent mlgym  103 Nov  4  2024 .condarc\n-rw-r--r-- 1 agent mlgym  807 Jan  6  2022 .profile\ndrwxr-xr-x 2 agent mlgym 4096 Feb 22 13:48 commands\n-rw-rw-r-- 1 root  root   101 Oct 16  2024 generic_conda_requirements.txt\ndrwxr-xr-x 1 agent mlgym 4096 Nov  4  2024 miniconda3\n-rw-rw-r-- 1 root  root   148 Oct 10  2024 requirements.txt\n-rwxrwxr-x 1 root  root   527 Nov  1  2024 setup_conda.sh\n-rw-r--r-- 1 agent mlgym 1199 Feb 22 13:48 train_and_predict.py",
      "step": 10
    },
    {
      "action": "ls data",
      "observation": "ls: cannot access 'data': No such file or directory",
      "step": 11
    },
    {
      "action": "pwd",
      "observation": "/home/agent",
      "step": 12
    },
    {
      "action": "cd /home/agent/data",
      "observation": "/bin/bash: line 544: cd: /home/agent/data: No such file or directory",
      "step": 13
    },
    {
      "action": "ls -la /home/agent",
      "observation": "total 76\ndrwxr-x--- 1 agent mlgym 4096 Feb 22 13:48 .\ndrwxr-xr-x 1 root  root  4096 Oct 31  2024 ..\n-rw-r--r-- 1 agent mlgym  220 Jan  6  2022 .bash_logout\n-rw-rw-r-- 1 root  root  4285 Nov  4  2024 .bashrc\ndrwxr-xr-x 1 agent mlgym 4096 Nov  4  2024 .cache\ndrwxr-xr-x 1 agent mlgym 4096 Nov  4  2024 .conda\n-rw-r--r-- 1 agent mlgym  103 Nov  4  2024 .condarc\n-rw-r--r-- 1 agent mlgym  807 Jan  6  2022 .profile\ndrwxr-xr-x 2 agent mlgym 4096 Feb 22 13:48 commands\n-rw-rw-r-- 1 root  root   101 Oct 16  2024 generic_conda_requirements.txt\ndrwxr-xr-x 1 agent mlgym 4096 Nov  4  2024 miniconda3\n-rw-rw-r-- 1 root  root   148 Oct 10  2024 requirements.txt\n-rwxrwxr-x 1 root  root   527 Nov  1  2024 setup_conda.sh\n-rw-r--r-- 1 agent mlgym 1199 Feb 22 13:48 train_and_predict.py",
      "step": 14
    },
    {
      "action": "validate (forced)",
      "observation": "Submission artefact not found. You have to produce a valid submission artefact as described in the task description to validate your results.",
      "step": 15
    }
  ],
  "conversation_length": 35,
  "reflection": null
}